<?xml version="1.0" encoding="UTF-8"?>
<!-- Generated by org.testng.reporters.JUnitXMLReporter -->
<testsuite ignored="0" hostname="DESKTOP-2GP96BE" failures="0" tests="3" name="Default test" time="9.183" errors="0" timestamp="2024-01-26T15:21:41 IST">
  <testcase classname="com.sportyshoe.Test.OrderpageTest" name="test_login" time="0.635"/>
  <testcase classname="com.sportyshoe.Test.OrderpageTest" name="test_click_orders" time="0.109"/>
  <testcase classname="com.sportyshoe.Test.OrderpageTest" name="test_getTitle_page" time="0.013"/>
</testsuite> <!-- Default test -->
