<?xml version="1.0" encoding="UTF-8"?>
<testng-results ignored="0" total="3" passed="3" failed="0" skipped="0">
  <reporter-output>
  </reporter-output>
  <suite started-at="2024-01-26T15:21:32 IST" name="Default suite" finished-at="2024-01-26T15:21:41 IST" duration-ms="9183">
    <groups>
    </groups>
    <test started-at="2024-01-26T15:21:32 IST" name="Default test" finished-at="2024-01-26T15:21:41 IST" duration-ms="9183">
      <class name="com.sportyshoe.Test.OrderpageTest">
        <test-method is-config="true" signature="start_browser()[pri:0, instance:com.sportyshoe.Test.OrderpageTest@543295b0]" started-at="2024-01-26T15:21:32 IST" name="start_browser" finished-at="2024-01-26T15:21:40 IST" duration-ms="8358" status="PASS">
          <reporter-output>
          </reporter-output>
        </test-method> <!-- start_browser -->
        <test-method signature="test_login()[pri:49, instance:com.sportyshoe.Test.OrderpageTest@543295b0]" started-at="2024-01-26T15:21:40 IST" name="test_login" finished-at="2024-01-26T15:21:41 IST" duration-ms="635" status="PASS">
          <reporter-output>
          </reporter-output>
        </test-method> <!-- test_login -->
        <test-method signature="test_click_orders()[pri:50, instance:com.sportyshoe.Test.OrderpageTest@543295b0]" started-at="2024-01-26T15:21:41 IST" name="test_click_orders" finished-at="2024-01-26T15:21:41 IST" duration-ms="109" status="PASS">
          <reporter-output>
          </reporter-output>
        </test-method> <!-- test_click_orders -->
        <test-method signature="test_getTitle_page()[pri:51, instance:com.sportyshoe.Test.OrderpageTest@543295b0]" started-at="2024-01-26T15:21:41 IST" name="test_getTitle_page" finished-at="2024-01-26T15:21:41 IST" duration-ms="13" status="PASS">
          <reporter-output>
          </reporter-output>
        </test-method> <!-- test_getTitle_page -->
      </class> <!-- com.sportyshoe.Test.OrderpageTest -->
    </test> <!-- Default test -->
  </suite> <!-- Default suite -->
</testng-results>
